1 0 3 0 0 0 3 3 0 1 3 3 0 1 0 3 3 0 0 0 0 0 3 3 3 1 0 3 1 3 3
2 0 4 0 0 3 4 6 1 1 3 6 1 1 3 4 4 3 1 1 1 1 4 6 6 2 1 3 1 4 6
3 1 7 1 0 4 4 9 2 1 3 9 1 4 3 7 5 4 2 1 1 4 7 9 6 5 2 3 4 5 7
4 2 8 2 1 4 7 10 3 1 6 9 2 7 4 7 6 7 2 1 2 5 8 12 9 6 3 4 5 6 8
5 5 9 3 1 7 7 13 3 2 6 10 5 7 4 8 9 10 2 2 5 8 9 15 12 6 3 4 8 7 8
6 6 9 3 2 10 10 14 3 2 7 10 5 7 7 11 12 11 2 3 6 9 12 16 15 7 6 5 11 8 8
7 9 10 3 3 13 13 17 4 5 8 10 5 8 7 12 12 11 3 4 6 12 15 17 18 7 9 5 12 11 8
8 12 13 3 4 16 16 20 7 5 9 11 6 8 7 13 12 14 3 4 9 13 18 18 18 10 9 6 12 11 11
9 12 13 6 5 16 19 21 7 6 10 11 9 9 7 13 15 14 4 5 9 16 21 21 21 10 12 9 15 11 12
10 15 14 6 5 16 22 24 10 6 10 12 12 9 7 14 15 17 5 5 9 17 24 22 21 13 15 12 18 14 12
11 18 14 6 8 17 23 27 11 7 10 13 13 12 8 15 15 18 5 6 12 20 24 23 24 16 15 12 21 15 12
12 18 17 6 9 20 26 28 14 7 10 16 14 13 8 16 16 19 5 9 13 21 25 26 25 17 16 12 22 18 12
13 21 20 7 9 20 26 28 15 10 10 19 17 16 9 16 17 19 6 10 13 24 26 27 28 18 16 13 23 19 15
14 21 21 10 9 21 26 28 16 10 11 20 20 16 12 19 20 20 6 10 13 27 29 27 31 19 17 16 23 22 18
15 21 21 11 12 22 27 31 17 13 11 23 23 17 13 20 21 20 6 11 16 30 30 28 32 19 18 17 26 22 18
16 21 21 11 12 25 30 34 18 13 12 24 26 20 14 23 24 23 7 11 16 30 31 31 33 20 18 18 27 23 19
17 21 21 11 12 25 33 37 18 13 15 27 29 20 14 26 27 24 7 14 16 33 34 32 36 23 18 18 28 26 20
18 22 21 14 12 26 33 40 18 13 18 27 32 21 17 29 27 24 8 17 19 33 37 35 37 24 18 19 31 27 20
19 22 22 14 15 29 34 40 18 14 18 30 32 22 18 32 28 24 8 20 22 34 40 36 40 25 19 22 31 30 20
20 23 22 14 16 32 37 43 19 14 18 31 35 22 18 35 29 25 11 21 25 37 40 36 43 28 20 23 31 30 21
21 23 22 14 17 35 37 46 20 14 21 34 35 22 19 36 30 26 14 21 28 40 40 39 46 29 21 24 34 30 22
22 26 25 17 20 36 38 49 23 14 21 35 35 22 20 37 33 26 14 22 29 43 41 42 47 29 21 25 34 30 25
23 26 26 17 20 37 38 49 23 14 24 38 35 22 21 38 36 26 14 23 32 46 44 45 50 32 24 28 37 31 25
24 29 29 17 21 40 39 52 24 14 27 39 36 25 24 41 36 27 14 26 33 46 44 46 50 32 24 29 40 32 25
25 30 29 20 22 43 40 55 24 14 27 42 37 25 25 44 37 30 14 26 36 46 45 49 53 32 27 29 41 35 25
26 30 29 23 22 43 43 58 24 14 27 42 37 25 26 45 38 33 17 29 39 49 48 52 54 32 30 29 42 38 26
