1 0.024361 0.045067 0.024361 0.024361 0.024361 0.045067 0.045067 0.024361 0.024361 0.045067 0.045067 0.024361 0.024361 0.024361 0.045067 0.045067 0.024361 0.024361 0.024361 0.024361 0.024361 0.045067 0.045067 0.045067 0.024361 0.024361 0.045067 0.024361 0.045067 0.045067
2 0.020769 0.027830 0.020769 0.020769 0.031361 0.038422 0.078734 0.020769 0.020769 0.038422 0.047249 0.020769 0.020769 0.029596 0.043424 0.038422 0.026653 0.020769 0.020769 0.020769 0.020769 0.038422 0.056076 0.071081 0.020769 0.020769 0.047426 0.020769 0.045925 0.050191
3 0.019073 0.034880 0.019073 0.019073 0.027179 0.035285 0.056482 0.019073 0.019073 0.024477 0.064017 0.019073 0.030624 0.027179 0.047984 0.027179 0.024477 0.019073 0.019073 0.019073 0.031022 0.065277 0.074353 0.045687 0.057907 0.019073 0.042175 0.024477 0.030624 0.037987
4 0.015838 0.033041 0.015838 0.015838 0.022569 0.061302 0.037877 0.015838 0.015838 0.029918 0.058882 0.015838 0.032161 0.022569 0.045568 0.022569 0.027057 0.015838 0.015838 0.015838 0.023043 0.081407 0.059927 0.092065 0.094093 0.015838 0.025430 0.018531 0.025430 0.028179
5 0.039080 0.027773 0.011944 0.011944 0.069942 0.063850 0.048093 0.011944 0.011944 0.045629 0.028275 0.013974 0.019622 0.017020 0.056288 0.043594 0.030631 0.011944 0.011944 0.043077 0.026890 0.046694 0.063365 0.060200 0.063114 0.011944 0.041669 0.015425 0.015561 0.036627
6 0.044258 0.026272 0.011262 0.011262 0.070295 0.077638 0.046217 0.011262 0.011262 0.043323 0.020336 0.012858 0.021931 0.035189 0.055207 0.039758 0.030431 0.011262 0.011262 0.027521 0.024790 0.055766 0.060538 0.054803 0.057844 0.013177 0.041137 0.016140 0.018740 0.038257
7 0.043823 0.022717 0.011212 0.011212 0.042287 0.069257 0.043035 0.011212 0.016173 0.030997 0.018696 0.012800 0.019757 0.031580 0.028443 0.029179 0.034767 0.011212 0.011212 0.022203 0.058886 0.062179 0.086444 0.065595 0.066967 0.026543 0.029183 0.016067 0.027572 0.038794
8 0.057434 0.024799 0.010514 0.010514 0.033581 0.095587 0.045618 0.012003 0.014727 0.026456 0.016555 0.011790 0.017012 0.032486 0.034236 0.024916 0.057583 0.010514 0.010514 0.027050 0.043171 0.088548 0.060434 0.052210 0.041192 0.027631 0.024786 0.014980 0.027419 0.045742
9 0.044522 0.027100 0.026708 0.010891 0.032898 0.054850 0.043193 0.012433 0.014583 0.024622 0.023737 0.031135 0.016519 0.031589 0.027944 0.038754 0.037218 0.010891 0.010891 0.022237 0.047504 0.087922 0.076785 0.071449 0.052765 0.029604 0.021721 0.020310 0.021679 0.027546
10 0.060275 0.021940 0.029127 0.010842 0.029916 0.056169 0.047847 0.013145 0.014449 0.021380 0.026852 0.044472 0.015839 0.027824 0.027136 0.035012 0.043025 0.010842 0.010842 0.020609 0.042137 0.088672 0.069653 0.058868 0.042752 0.031031 0.021219 0.022813 0.023797 0.031518
11 0.056877 0.019413 0.026559 0.013421 0.029049 0.048278 0.107073 0.012540 0.012747 0.019848 0.024626 0.040141 0.017290 0.022784 0.024335 0.033252 0.038853 0.010047 0.010047 0.019465 0.045914 0.078457 0.071039 0.054398 0.043401 0.028073 0.019059 0.023130 0.020633 0.029252
12 0.054649 0.022147 0.025207 0.013091 0.044087 0.046405 0.108944 0.015926 0.012752 0.020620 0.024007 0.029684 0.016656 0.024148 0.022484 0.032077 0.035383 0.010170 0.013591 0.016814 0.046461 0.081502 0.073511 0.051185 0.043359 0.026387 0.021270 0.023322 0.021257 0.022906
13 0.117218 0.024165 0.020002 0.008775 0.054666 0.035650 0.089261 0.010643 0.012755 0.019309 0.025968 0.047838 0.021177 0.021551 0.017032 0.034635 0.036451 0.006724 0.009777 0.015863 0.041828 0.065707 0.060838 0.049756 0.035008 0.021019 0.015876 0.017967 0.019939 0.042601
14 0.093890 0.024511 0.017101 0.006715 0.040797 0.035312 0.114706 0.007957 0.009969 0.016145 0.022955 0.048073 0.016251 0.020429 0.017029 0.030660 0.031279 0.005000 0.007894 0.017341 0.042788 0.102351 0.054555 0.049393 0.027905 0.019368 0.012670 0.014187 0.022461 0.070306
15 0.092370 0.019953 0.011907 0.007084 0.036348 0.028246 0.122040 0.007722 0.017822 0.016066 0.024730 0.050850 0.014043 0.014757 0.015614 0.030355 0.024348 0.005000 0.007091 0.019923 0.051952 0.103054 0.062302 0.045223 0.029449 0.016813 0.011884 0.021147 0.021480 0.070430
16 0.093370 0.021762 0.018879 0.007039 0.034082 0.035769 0.117409 0.007434 0.017512 0.015591 0.024704 0.049198 0.018443 0.014685 0.019880 0.032001 0.055589 0.005000 0.007080 0.019150 0.051240 0.084971 0.040359 0.045797 0.028809 0.016287 0.011563 0.019826 0.020207 0.066367
17 0.092669 0.021018 0.018467 0.006960 0.031131 0.037278 0.117145 0.007998 0.017789 0.015123 0.024717 0.048829 0.018238 0.013320 0.021346 0.032057 0.054017 0.005000 0.017244 0.017981 0.051041 0.083546 0.039911 0.047130 0.031023 0.015237 0.010749 0.019325 0.020728 0.062983
18 0.090111 0.018618 0.017012 0.007173 0.030856 0.034355 0.119164 0.008932 0.018573 0.017379 0.023770 0.045563 0.016160 0.014082 0.022856 0.032286 0.045388 0.005000 0.027806 0.024085 0.048313 0.082984 0.042049 0.044689 0.032251 0.016545 0.010846 0.020180 0.019727 0.063247
19 0.079644 0.017167 0.015878 0.011145 0.030514 0.032335 0.118009 0.008993 0.018446 0.016636 0.022921 0.047866 0.015878 0.013583 0.022701 0.031663 0.047375 0.005000 0.029367 0.025277 0.045127 0.082685 0.038988 0.048528 0.031970 0.018751 0.014679 0.019448 0.035231 0.054197
20 0.068585 0.016526 0.016153 0.010652 0.033290 0.036920 0.089276 0.008672 0.023398 0.016932 0.022787 0.046810 0.017424 0.012548 0.024056 0.032401 0.049236 0.007000 0.026642 0.042569 0.052591 0.069337 0.041114 0.050751 0.050321 0.022422 0.014344 0.018814 0.032855 0.045572
21 0.063438 0.016346 0.015268 0.010536 0.035266 0.037282 0.082021 0.009045 0.023885 0.026146 0.035275 0.039643 0.015738 0.013313 0.024620 0.028344 0.045059 0.008190 0.023754 0.046274 0.049704 0.070113 0.047173 0.052113 0.046727 0.022615 0.015107 0.023450 0.031650 0.041902
22 0.072979 0.019114 0.019015 0.012091 0.034326 0.035348 0.082698 0.011448 0.019917 0.027070 0.033587 0.039239 0.014317 0.014028 0.024173 0.027517 0.042296 0.007972 0.024356 0.044826 0.047345 0.068690 0.046635 0.051047 0.044537 0.021720 0.015231 0.023193 0.030842 0.044445
23 0.069878 0.017951 0.018678 0.011737 0.032996 0.033908 0.080913 0.011141 0.021713 0.027041 0.034629 0.035738 0.013541 0.013740 0.023667 0.026036 0.043581 0.007928 0.021956 0.045206 0.051674 0.069065 0.046326 0.058309 0.051788 0.022267 0.017670 0.023078 0.028015 0.039829
24 0.065860 0.016492 0.018188 0.011444 0.033246 0.036790 0.081669 0.010566 0.019129 0.026273 0.030452 0.034651 0.018281 0.025877 0.040131 0.026162 0.033885 0.009726 0.022044 0.039968 0.053234 0.063595 0.042239 0.060883 0.045247 0.020570 0.017508 0.029099 0.027288 0.039503
25 0.065797 0.015940 0.019461 0.011349 0.033312 0.035956 0.082857 0.010380 0.017757 0.026239 0.031833 0.034108 0.017658 0.026234 0.037400 0.025143 0.035115 0.009720 0.022060 0.039016 0.050846 0.063798 0.041925 0.064682 0.045377 0.022089 0.017061 0.028891 0.028364 0.039632
26 0.065353 0.015398 0.020870 0.011388 0.030737 0.036398 0.086019 0.010276 0.016039 0.023737 0.029532 0.033585 0.017516 0.024666 0.036565 0.022729 0.038233 0.014232 0.022469 0.042382 0.047878 0.063500 0.048473 0.062035 0.043956 0.026108 0.016045 0.027336 0.028874 0.037669
