7, Boca Juniors 0.095290
1, Aldosivi 0.075151
22, River Plate 0.068142
24, San Lorenzo 0.065265
23, Rosario Central 0.050875
21, Racing Club 0.048824
25, San Martín (SJ) 0.047118
20, Quilmes 0.043810
30, Vélez Sarsfield 0.041597
17, Newell's Old Boys 0.039417
15, Independiente 0.035707
6, Belgrano 0.035643
12, Gimnasia y Esgrima (LP) 0.033879
5, Banfield 0.030239
11, Estudiantes (LP) 0.029412
29, Unión 0.028505
28, Tigre 0.026157
26, Sarmiento 0.024842
10, Defensa y Justicia 0.023216
14, Huracán 0.022675
19, Olimpo 0.021520
16, Lanús 0.019030
3, Arsenal 0.017832
13, Godoy Cruz 0.014148
9, Crucero del Norte 0.013132
27, Temperley 0.012487
2, Argentinos Juniors 0.011286
18, Nueva Chicago 0.011239
4, Atlético de Rafaela 0.007559
8, Colón 0.006003
