7, Boca Juniors 0.086019
1, Aldosivi 0.065353
22, River Plate 0.063500
24, San Lorenzo 0.062035
23, Rosario Central 0.048473
21, Racing Club 0.047878
25, San Martín (SJ) 0.043956
20, Quilmes 0.042382
17, Newell's Old Boys 0.038233
30, Vélez Sarsfield 0.037669
15, Independiente 0.036565
6, Belgrano 0.036398
12, Gimnasia y Esgrima (LP) 0.033585
5, Banfield 0.030737
11, Estudiantes (LP) 0.029532
29, Unión 0.028874
28, Tigre 0.027336
26, Sarmiento 0.026108
14, Huracán 0.024666
10, Defensa y Justicia 0.023737
16, Lanús 0.022729
19, Olimpo 0.022469
3, Arsenal 0.020870
13, Godoy Cruz 0.017516
27, Temperley 0.016045
9, Crucero del Norte 0.016039
2, Argentinos Juniors 0.015398
18, Nueva Chicago 0.014232
4, Atlético de Rafaela 0.011388
8, Colón 0.010276
