7, Boca Juniors 0.051301
24, San Lorenzo 0.044563
22, River Plate 0.044200
21, Racing Club 0.040067
1, Aldosivi 0.039451
23, Rosario Central 0.039114
20, Quilmes 0.036699
15, Independiente 0.035716
6, Belgrano 0.035573
25, San Martín (SJ) 0.035495
17, Newell's Old Boys 0.034625
12, Gimnasia y Esgrima (LP) 0.033523
5, Banfield 0.032778
28, Tigre 0.032086
16, Lanús 0.031713
30, Vélez Sarsfield 0.031650
11, Estudiantes (LP) 0.031588
29, Unión 0.031291
26, Sarmiento 0.030877
14, Huracán 0.030225
3, Arsenal 0.029925
10, Defensa y Justicia 0.029085
19, Olimpo 0.028934
13, Godoy Cruz 0.028356
2, Argentinos Juniors 0.028208
27, Temperley 0.027904
9, Crucero del Norte 0.027353
18, Nueva Chicago 0.026346
4, Atlético de Rafaela 0.025776
8, Colón 0.025577
