7, Boca Juniors 0.070202
22, River Plate 0.055049
24, San Lorenzo 0.054956
1, Aldosivi 0.051384
21, Racing Club 0.045120
23, Rosario Central 0.044377
20, Quilmes 0.039934
25, San Martín (SJ) 0.039443
15, Independiente 0.036903
6, Belgrano 0.036675
17, Newell's Old Boys 0.036417
12, Gimnasia y Esgrima (LP) 0.033443
30, Vélez Sarsfield 0.033340
5, Banfield 0.031699
11, Estudiantes (LP) 0.030203
29, Unión 0.029758
28, Tigre 0.029610
26, Sarmiento 0.028293
16, Lanús 0.027765
14, Huracán 0.027367
10, Defensa y Justicia 0.025595
3, Arsenal 0.025446
19, Olimpo 0.024932
13, Godoy Cruz 0.022724
2, Argentinos Juniors 0.021723
27, Temperley 0.021705
9, Crucero del Norte 0.021132
18, Nueva Chicago 0.019530
4, Atlético de Rafaela 0.017921
8, Colón 0.017353
