30, Vélez Sarsfield 0.033333
29, Unión 0.033333
12, Gimnasia y Esgrima (LP) 0.033333
11, Estudiantes (LP) 0.033333
10, Defensa y Justicia 0.033333
9, Crucero del Norte 0.033333
8, Colón 0.033333
7, Boca Juniors 0.033333
6, Belgrano 0.033333
5, Banfield 0.033333
3, Arsenal 0.033333
2, Argentinos Juniors 0.033333
1, Aldosivi 0.033333
15, Independiente 0.033333
14, Huracán 0.033333
13, Godoy Cruz 0.033333
4, Atlético de Rafaela 0.033333
28, Tigre 0.033333
27, Temperley 0.033333
26, Sarmiento 0.033333
25, San Martín (SJ) 0.033333
18, Nueva Chicago 0.033333
17, Newell's Old Boys 0.033333
16, Lanús 0.033333
24, San Lorenzo 0.033333
23, Rosario Central 0.033333
22, River Plate 0.033333
21, Racing Club 0.033333
20, Quilmes 0.033333
19, Olimpo 0.033333
