Matriz Adyacencia
0 1 1 1 1 
1 0 1 1 1 
1 1 0 1 1 
1 1 1 0 1 
1 1 1 1 0 

Matriz Transicion
0.020000 0.245000 0.245000 0.245000 0.245000 
0.245000 0.020000 0.245000 0.245000 0.245000 
0.245000 0.245000 0.020000 0.245000 0.245000 
0.245000 0.245000 0.245000 0.020000 0.245000 
0.245000 0.245000 0.245000 0.245000 0.020000 

Ranking InDeg:
rank nodo valor
0 0 4.000000 
1 1 4.000000 
2 2 4.000000 
3 3 4.000000 
4 4 4.000000 

Ranking PageRank:
rank nodo valor
0 2 0.200000 
1 0 0.200000 
2 1 0.200000 
3 3 0.200000 
4 4 0.200000 

